2022-04-04 20:08:15.448 - INFO - 18131 - azureml.train.automl._experiment_drivers.driver_utilities.modify_run_configuration:221 - Package azureml-train-automl missing from dependencies file.
2022-04-04 20:08:15.449 - INFO - 18131 - azureml.train.automl._experiment_drivers.driver_utilities.modify_run_configuration:227 - Using pinned version: azureml-train-automl==1.39.0.*
2022-04-04 20:08:15.449 - INFO - 18131 - azureml.train.automl._experiment_drivers.driver_utilities.modify_run_configuration:221 - Package pandas missing from dependencies file.
2022-04-04 20:08:15.449 - INFO - 18131 - azureml.train.automl._experiment_drivers.driver_utilities.modify_run_configuration:227 - Using pinned version: pandas==1.1.5
2022-04-04 20:08:15.450 - INFO - 18131 - azureml.train.automl._experiment_drivers.driver_utilities.modify_run_configuration:221 - Package psutil missing from dependencies file.
2022-04-04 20:08:15.450 - INFO - 18131 - azureml.train.automl._experiment_drivers.driver_utilities.modify_run_configuration:227 - Using pinned version: psutil>5.0.0,<6.0.0
2022-04-04 20:08:15.450 - INFO - 18131 - azureml.train.automl._experiment_drivers.driver_utilities.modify_run_configuration:221 - Package scikit-learn missing from dependencies file.
2022-04-04 20:08:15.450 - INFO - 18131 - azureml.train.automl._experiment_drivers.driver_utilities.modify_run_configuration:227 - Using pinned version: scikit-learn==0.22.1
2022-04-04 20:08:15.451 - INFO - 18131 - azureml.train.automl._experiment_drivers.driver_utilities.modify_run_configuration:221 - Package numpy missing from dependencies file.
2022-04-04 20:08:15.451 - INFO - 18131 - azureml.train.automl._experiment_drivers.driver_utilities.modify_run_configuration:227 - Using pinned version: numpy~=1.18.0
2022-04-04 20:08:15.451 - INFO - 18131 - azureml.train.automl._experiment_drivers.driver_utilities.modify_run_configuration:221 - Package py-xgboost missing from dependencies file.
2022-04-04 20:08:15.452 - INFO - 18131 - azureml.train.automl._experiment_drivers.driver_utilities.modify_run_configuration:227 - Using pinned version: py-xgboost==1.3.3
2022-04-04 20:08:15.452 - INFO - 18131 - azureml.train.automl._experiment_drivers.driver_utilities.modify_run_configuration:221 - Package inference-schema missing from dependencies file.
2022-04-04 20:08:15.452 - INFO - 18131 - azureml.train.automl._experiment_drivers.driver_utilities.modify_run_configuration:231 - Using installed version: inference-schema==1.3.0
2022-04-04 20:08:15.453 - INFO - 18131 - azureml.train.automl._experiment_drivers.driver_utilities.modify_run_configuration:221 - Package fbprophet missing from dependencies file.
2022-04-04 20:08:15.453 - INFO - 18131 - azureml.train.automl._experiment_drivers.driver_utilities.modify_run_configuration:227 - Using pinned version: fbprophet==0.7.1
2022-04-04 20:08:15.453 - INFO - 18131 - azureml.train.automl._experiment_drivers.driver_utilities.modify_run_configuration:221 - Package holidays missing from dependencies file.
2022-04-04 20:08:15.453 - INFO - 18131 - azureml.train.automl._experiment_drivers.driver_utilities.modify_run_configuration:227 - Using pinned version: holidays==0.10.3
2022-04-04 20:08:15.454 - INFO - 18131 - azureml.train.automl._experiment_drivers.driver_utilities.modify_run_configuration:221 - Package joblib missing from dependencies file.
2022-04-04 20:08:15.454 - INFO - 18131 - azureml.train.automl._experiment_drivers.driver_utilities.modify_run_configuration:227 - Using pinned version: joblib==0.14.1
2022-04-04 20:08:15.454 - INFO - 18131 - azureml.train.automl._experiment_drivers.driver_utilities.modify_run_configuration:221 - Package pystan missing from dependencies file.
2022-04-04 20:08:15.454 - INFO - 18131 - azureml.train.automl._experiment_drivers.driver_utilities.modify_run_configuration:227 - Using pinned version: pystan==2.19.1.1
2022-04-04 20:08:15.455 - INFO - 18131 - azureml.train.automl._experiment_drivers.driver_utilities.modify_run_configuration:221 - Package setuptools-git missing from dependencies file.
2022-04-04 20:08:15.455 - INFO - 18131 - azureml.train.automl._experiment_drivers.driver_utilities.modify_run_configuration:231 - Using installed version: setuptools-git==1.2
2022-04-04 20:08:15.467 - INFO - 18131 - azureml.train.automl._experiment_drivers.driver_utilities.modify_run_configuration:221 - Package urllib3 missing from dependencies file.
2022-04-04 20:08:15.468 - INFO - 18131 - azureml.train.automl._experiment_drivers.driver_utilities.modify_run_configuration:231 - Using installed version: urllib3==1.26.7
2022-04-04 20:08:15.469 - INFO - 18131 - azureml.train.automl._experiment_drivers.driver_utilities.modify_run_configuration:221 - Package azure-core missing from dependencies file.
2022-04-04 20:08:15.469 - INFO - 18131 - azureml.train.automl._experiment_drivers.driver_utilities.modify_run_configuration:231 - Using installed version: azure-core==1.21.1
2022-04-04 20:08:15.481 - INFO - 18131 - azureml.automl.core.dataset_utilities._save_datasets_to_json:131 - JSON serialization of input of type <class 'NoneType'> is un-supported.
2022-04-04 20:08:15.482 - INFO - 18131 - azureml.train.automl._experiment_drivers.driver_utilities.validate_input:124 - Start data validation.
2022-04-04 20:08:18.031 - INFO - 18131 - azureml.train.automl._experiment_drivers.driver_utilities.validate_input:137 - Validation service found the data has no errors.
2022-04-04 20:08:18.032 - INFO - 18131 - azureml.train.automl._experiment_drivers.driver_utilities.create_remote_parent_run:381 - Start creating parent run.
2022-04-04 20:08:18.288 - INFO - 18131 - azureml.train.automl._experiment_drivers.driver_utilities.create_remote_parent_run:401 - [ParentRunID:AutoML_9a495806-36d4-423c-b2bd-c384f090749a] Remote run using input X and y.
2022-04-04 20:08:18.817 - INFO - 18131 - azureml.train.automl._experiment_drivers.driver_utilities.start_remote_run:336 - Starting a snapshot run (snapshot_id : None)
2022-04-04 20:13:57.108 - INFO - 32089 - azureml.train.automl._experiment_drivers.driver_utilities.modify_run_configuration:221 - Package azureml-train-automl missing from dependencies file.
2022-04-04 20:13:57.139 - INFO - 32089 - azureml.train.automl._experiment_drivers.driver_utilities.modify_run_configuration:227 - Using pinned version: azureml-train-automl==1.39.0.*
2022-04-04 20:13:57.144 - INFO - 32089 - azureml.train.automl._experiment_drivers.driver_utilities.modify_run_configuration:221 - Package pandas missing from dependencies file.
2022-04-04 20:13:57.162 - INFO - 32089 - azureml.train.automl._experiment_drivers.driver_utilities.modify_run_configuration:227 - Using pinned version: pandas==1.1.5
2022-04-04 20:13:57.168 - INFO - 32089 - azureml.train.automl._experiment_drivers.driver_utilities.modify_run_configuration:221 - Package psutil missing from dependencies file.
2022-04-04 20:13:57.172 - INFO - 32089 - azureml.train.automl._experiment_drivers.driver_utilities.modify_run_configuration:227 - Using pinned version: psutil>5.0.0,<6.0.0
2022-04-04 20:13:57.178 - INFO - 32089 - azureml.train.automl._experiment_drivers.driver_utilities.modify_run_configuration:221 - Package scikit-learn missing from dependencies file.
2022-04-04 20:13:57.182 - INFO - 32089 - azureml.train.automl._experiment_drivers.driver_utilities.modify_run_configuration:227 - Using pinned version: scikit-learn==0.22.1
2022-04-04 20:13:57.188 - INFO - 32089 - azureml.train.automl._experiment_drivers.driver_utilities.modify_run_configuration:221 - Package numpy missing from dependencies file.
2022-04-04 20:13:57.192 - INFO - 32089 - azureml.train.automl._experiment_drivers.driver_utilities.modify_run_configuration:227 - Using pinned version: numpy~=1.18.0
2022-04-04 20:13:57.197 - INFO - 32089 - azureml.train.automl._experiment_drivers.driver_utilities.modify_run_configuration:221 - Package py-xgboost missing from dependencies file.
2022-04-04 20:13:57.211 - INFO - 32089 - azureml.train.automl._experiment_drivers.driver_utilities.modify_run_configuration:227 - Using pinned version: py-xgboost==1.3.3
2022-04-04 20:13:57.219 - INFO - 32089 - azureml.train.automl._experiment_drivers.driver_utilities.modify_run_configuration:221 - Package inference-schema missing from dependencies file.
2022-04-04 20:13:57.224 - INFO - 32089 - azureml.train.automl._experiment_drivers.driver_utilities.modify_run_configuration:231 - Using installed version: inference-schema==1.3.0
2022-04-04 20:13:57.225 - INFO - 32089 - azureml.train.automl._experiment_drivers.driver_utilities.modify_run_configuration:221 - Package fbprophet missing from dependencies file.
2022-04-04 20:13:57.225 - INFO - 32089 - azureml.train.automl._experiment_drivers.driver_utilities.modify_run_configuration:227 - Using pinned version: fbprophet==0.7.1
2022-04-04 20:13:57.225 - INFO - 32089 - azureml.train.automl._experiment_drivers.driver_utilities.modify_run_configuration:221 - Package holidays missing from dependencies file.
2022-04-04 20:13:57.226 - INFO - 32089 - azureml.train.automl._experiment_drivers.driver_utilities.modify_run_configuration:227 - Using pinned version: holidays==0.10.3
2022-04-04 20:13:57.226 - INFO - 32089 - azureml.train.automl._experiment_drivers.driver_utilities.modify_run_configuration:221 - Package joblib missing from dependencies file.
2022-04-04 20:13:57.226 - INFO - 32089 - azureml.train.automl._experiment_drivers.driver_utilities.modify_run_configuration:227 - Using pinned version: joblib==0.14.1
2022-04-04 20:13:57.227 - INFO - 32089 - azureml.train.automl._experiment_drivers.driver_utilities.modify_run_configuration:221 - Package pystan missing from dependencies file.
2022-04-04 20:13:57.227 - INFO - 32089 - azureml.train.automl._experiment_drivers.driver_utilities.modify_run_configuration:227 - Using pinned version: pystan==2.19.1.1
2022-04-04 20:13:57.227 - INFO - 32089 - azureml.train.automl._experiment_drivers.driver_utilities.modify_run_configuration:221 - Package setuptools-git missing from dependencies file.
2022-04-04 20:13:57.228 - INFO - 32089 - azureml.train.automl._experiment_drivers.driver_utilities.modify_run_configuration:231 - Using installed version: setuptools-git==1.2
2022-04-04 20:13:57.228 - INFO - 32089 - azureml.train.automl._experiment_drivers.driver_utilities.modify_run_configuration:221 - Package urllib3 missing from dependencies file.
2022-04-04 20:13:57.228 - INFO - 32089 - azureml.train.automl._experiment_drivers.driver_utilities.modify_run_configuration:231 - Using installed version: urllib3==1.26.7
2022-04-04 20:13:57.229 - INFO - 32089 - azureml.train.automl._experiment_drivers.driver_utilities.modify_run_configuration:221 - Package azure-core missing from dependencies file.
2022-04-04 20:13:57.229 - INFO - 32089 - azureml.train.automl._experiment_drivers.driver_utilities.modify_run_configuration:231 - Using installed version: azure-core==1.21.1
2022-04-04 20:13:57.230 - INFO - 32089 - azureml.automl.core.dataset_utilities._save_datasets_to_json:131 - JSON serialization of input of type <class 'NoneType'> is un-supported.
2022-04-04 20:13:57.232 - INFO - 32089 - azureml.train.automl._experiment_drivers.driver_utilities.validate_input:124 - Start data validation.
2022-04-04 20:14:00.776 - INFO - 32089 - azureml.train.automl._experiment_drivers.driver_utilities.validate_input:137 - Validation service found the data has no errors.
2022-04-04 20:14:00.786 - INFO - 32089 - azureml.train.automl._experiment_drivers.driver_utilities.create_remote_parent_run:381 - Start creating parent run.
2022-04-04 20:14:01.047 - INFO - 32089 - azureml.train.automl._experiment_drivers.driver_utilities.create_remote_parent_run:401 - [ParentRunID:AutoML_2b2f0c0e-d654-4bca-89c2-c93e56b3ac25] Remote run using input X and y.
2022-04-04 20:14:01.255 - INFO - 32089 - azureml.train.automl._experiment_drivers.driver_utilities.start_remote_run:336 - Starting a snapshot run (snapshot_id : None)
2022-04-04 22:14:37.743 - INFO - 3134 - azureml.train.automl._experiment_drivers.driver_utilities.modify_run_configuration:221 - Package azureml-train-automl missing from dependencies file.
2022-04-04 22:14:37.829 - INFO - 3134 - azureml.train.automl._experiment_drivers.driver_utilities.modify_run_configuration:227 - Using pinned version: azureml-train-automl==1.39.0.*
2022-04-04 22:14:37.834 - INFO - 3134 - azureml.train.automl._experiment_drivers.driver_utilities.modify_run_configuration:221 - Package pandas missing from dependencies file.
2022-04-04 22:14:37.834 - INFO - 3134 - azureml.train.automl._experiment_drivers.driver_utilities.modify_run_configuration:227 - Using pinned version: pandas==1.1.5
2022-04-04 22:14:37.835 - INFO - 3134 - azureml.train.automl._experiment_drivers.driver_utilities.modify_run_configuration:221 - Package psutil missing from dependencies file.
2022-04-04 22:14:37.835 - INFO - 3134 - azureml.train.automl._experiment_drivers.driver_utilities.modify_run_configuration:227 - Using pinned version: psutil>5.0.0,<6.0.0
2022-04-04 22:14:37.835 - INFO - 3134 - azureml.train.automl._experiment_drivers.driver_utilities.modify_run_configuration:221 - Package scikit-learn missing from dependencies file.
2022-04-04 22:14:37.835 - INFO - 3134 - azureml.train.automl._experiment_drivers.driver_utilities.modify_run_configuration:227 - Using pinned version: scikit-learn==0.22.1
2022-04-04 22:14:37.836 - INFO - 3134 - azureml.train.automl._experiment_drivers.driver_utilities.modify_run_configuration:221 - Package numpy missing from dependencies file.
2022-04-04 22:14:37.836 - INFO - 3134 - azureml.train.automl._experiment_drivers.driver_utilities.modify_run_configuration:227 - Using pinned version: numpy~=1.18.0
2022-04-04 22:14:37.836 - INFO - 3134 - azureml.train.automl._experiment_drivers.driver_utilities.modify_run_configuration:221 - Package py-xgboost missing from dependencies file.
2022-04-04 22:14:37.836 - INFO - 3134 - azureml.train.automl._experiment_drivers.driver_utilities.modify_run_configuration:227 - Using pinned version: py-xgboost==1.3.3
2022-04-04 22:14:37.836 - INFO - 3134 - azureml.train.automl._experiment_drivers.driver_utilities.modify_run_configuration:221 - Package inference-schema missing from dependencies file.
2022-04-04 22:14:37.837 - INFO - 3134 - azureml.train.automl._experiment_drivers.driver_utilities.modify_run_configuration:231 - Using installed version: inference-schema==1.3.0
2022-04-04 22:14:37.837 - INFO - 3134 - azureml.train.automl._experiment_drivers.driver_utilities.modify_run_configuration:221 - Package fbprophet missing from dependencies file.
2022-04-04 22:14:37.837 - INFO - 3134 - azureml.train.automl._experiment_drivers.driver_utilities.modify_run_configuration:227 - Using pinned version: fbprophet==0.7.1
2022-04-04 22:14:37.837 - INFO - 3134 - azureml.train.automl._experiment_drivers.driver_utilities.modify_run_configuration:221 - Package holidays missing from dependencies file.
2022-04-04 22:14:37.837 - INFO - 3134 - azureml.train.automl._experiment_drivers.driver_utilities.modify_run_configuration:227 - Using pinned version: holidays==0.10.3
2022-04-04 22:14:37.838 - INFO - 3134 - azureml.train.automl._experiment_drivers.driver_utilities.modify_run_configuration:221 - Package joblib missing from dependencies file.
2022-04-04 22:14:37.838 - INFO - 3134 - azureml.train.automl._experiment_drivers.driver_utilities.modify_run_configuration:227 - Using pinned version: joblib==0.14.1
2022-04-04 22:14:37.838 - INFO - 3134 - azureml.train.automl._experiment_drivers.driver_utilities.modify_run_configuration:221 - Package pystan missing from dependencies file.
2022-04-04 22:14:37.839 - INFO - 3134 - azureml.train.automl._experiment_drivers.driver_utilities.modify_run_configuration:227 - Using pinned version: pystan==2.19.1.1
2022-04-04 22:14:37.839 - INFO - 3134 - azureml.train.automl._experiment_drivers.driver_utilities.modify_run_configuration:221 - Package setuptools-git missing from dependencies file.
2022-04-04 22:14:37.839 - INFO - 3134 - azureml.train.automl._experiment_drivers.driver_utilities.modify_run_configuration:231 - Using installed version: setuptools-git==1.2
2022-04-04 22:14:37.839 - INFO - 3134 - azureml.train.automl._experiment_drivers.driver_utilities.modify_run_configuration:221 - Package urllib3 missing from dependencies file.
2022-04-04 22:14:37.839 - INFO - 3134 - azureml.train.automl._experiment_drivers.driver_utilities.modify_run_configuration:231 - Using installed version: urllib3==1.26.7
2022-04-04 22:14:37.840 - INFO - 3134 - azureml.train.automl._experiment_drivers.driver_utilities.modify_run_configuration:221 - Package azure-core missing from dependencies file.
2022-04-04 22:14:37.840 - INFO - 3134 - azureml.train.automl._experiment_drivers.driver_utilities.modify_run_configuration:231 - Using installed version: azure-core==1.21.1
2022-04-04 22:14:37.841 - INFO - 3134 - azureml.automl.core.dataset_utilities._save_datasets_to_json:131 - JSON serialization of input of type <class 'NoneType'> is un-supported.
2022-04-04 22:14:37.841 - INFO - 3134 - azureml.train.automl._experiment_drivers.driver_utilities.validate_input:124 - Start data validation.
2022-04-04 22:14:40.072 - INFO - 3134 - azureml.train.automl._experiment_drivers.driver_utilities.validate_input:137 - Validation service found the data has no errors.
2022-04-04 22:14:40.073 - INFO - 3134 - azureml.train.automl._experiment_drivers.driver_utilities.create_remote_parent_run:381 - Start creating parent run.
2022-04-04 22:14:40.386 - INFO - 3134 - azureml.train.automl._experiment_drivers.driver_utilities.create_remote_parent_run:401 - [ParentRunID:AutoML_7d2b371f-75e7-4fa7-90aa-72b28f02d8b5] Remote run using input X and y.
2022-04-04 22:14:40.489 - INFO - 3134 - azureml.train.automl._experiment_drivers.driver_utilities.start_remote_run:336 - Starting a snapshot run (snapshot_id : None)
